[napabuds.com/index.html]
[external.html]
[backblue.gif]
[fade.gif]
[index.html]
[napabuds.com/wp-content/themes/astra/assets/css/minified/main.min1dc6.css]
[napabuds.com/comments/feed/index.html]
[napabuds.com/feed/index.html]
[napabuds.com/wp-content/plugins/chaty/css/chaty-front.min3298.css]
[napabuds.com/wp-content/themes/astra/assets/css/minified/compatibility/woocommerce/woocommerce-layout-grid.min1dc6.css]
[napabuds.com/wp-content/themes/astra/assets/css/minified/compatibility/woocommerce/woocommerce-smallscreen-grid.min1dc6.css]
[napabuds.com/wp-content/themes/astra/assets/css/minified/compatibility/woocommerce/woocommerce-grid.min1dc6.css]
[napabuds.com/wp-content/plugins/easy-marijuana-age-verify/includes/assets/stylesebd3.css]
[napabuds.com/wp-content/plugins/elementor/assets/css/frontend.minb175.css]
[napabuds.com/wp-content/uploads/elementor/css/post-1083fd61.css]
[napabuds.com/wp-content/plugins/elementor/assets/css/widget-heading.minb175.css]
[napabuds.com/wp-content/plugins/elementor/assets/css/widget-icon-list.minb175.css]
[napabuds.com/wp-content/plugins/elementor/assets/lib/swiper/v8/css/swiper.min94a4.css]
[napabuds.com/wp-content/plugins/elementor/assets/css/conditionals/e-swiper.minb175.css]
[napabuds.com/wp-content/plugins/elementor/assets/css/widget-text-editor.minb175.css]
[napabuds.com/wp-content/plugins/elementor/assets/css/widget-icon-box.minb175.css]
[napabuds.com/wp-content/uploads/elementor/css/post-1194fd61.css]
[napabuds.com/wp-includes/js/jquery/jquery.minf43b.js]
[napabuds.com/wp-includes/js/jquery/jquery-migrate.min5589.js]
[napabuds.com/wp-content/plugins/woocommerce/assets/js/jquery-blockui/jquery.blockUI.minc154.js]
[napabuds.com/wp-content/plugins/woocommerce/assets/js/frontend/add-to-cart.mindb31.js]
[napabuds.com/wp-content/plugins/woocommerce/assets/js/js-cookie/js.cookie.min305e.js]
[napabuds.com/wp-content/plugins/woocommerce/assets/js/frontend/woocommerce.mindb31.js]
[napabuds.com/wp-content/plugins/easy-marijuana-age-verify/includes/assets/scriptsebd3.js]
[napabuds.com/wp-json/wp/v2/pages/1194.json]
[napabuds.com/wp-json/index.html]
[napabuds.com/xmlrpc0db0.php]
[napabuds.com/wp-json/oembed/1.0/embedf7de.json]
[napabuds.com/wp-json/oembed/1.0/embed9d20]
[napabuds.com/wp-content/uploads/2024/02/cropped-theo-12-32x32.jpg]
[napabuds.com/wp-content/uploads/2024/02/cropped-theo-12-192x192.jpg]
[napabuds.com/wp-content/uploads/2024/02/cropped-theo-12-180x180.jpg]
[napabuds.com/wp-content/uploads/2024/02/cropped-cropped-theo-12-80x38.jpg]
[napabuds.com/wp-content/uploads/2024/02/Apple-Fritter-Multi-Shot-300x300.jpg]
[napabuds.com/wp-content/uploads/2024/10/sample_weed_nug_1-1-300x300.jpg]
[napabuds.com/cart/index.html]
[napabuds.com/wp-content/uploads/2024/02/Animal-Mints-300x300.webp]
[napabuds.com/shop/index.html]
[napabuds.com/wp-content/uploads/2024/03/Apple_MAC_Jar_Photo_50-300x300.webp]
[napabuds.com/contact/index.html]
[napabuds.com/faq/index.html]
[napabuds.com/wp-content/uploads/2024/02/green-crack-delta-8-thc-flower-bud-300x300.jpg]
[napabuds.com/product/alien-fritter/index.html]
[napabuds.com/wp-content/uploads/2024/10/limoncello-runtz-flower-thca-sativa_1-300x300.jpg]
[napabuds.com/product/alien-mintz/index.html]
[napabuds.com/product/animal-mints/index.html]
[napabuds.com/wp-content/uploads/2024/02/sour-diesel-strain-cannabis-flower-nug_1100x-300x300.webp]
[napabuds.com/wp-content/uploads/2024/02/Strawberry-Cough-strain.jpg]
[napabuds.com/product/green-crack/index.html]
[napabuds.com/product/apple-mac/index.html]
[napabuds.com/product/limoncello/index.html]
[napabuds.com/wp-content/uploads/2024/02/818-Og-300x300.webp]
[napabuds.com/indexb611.html]
[napabuds.com/wp-content/uploads/2024/02/Critical-Mass-300x300.webp]
[napabuds.com/product/strawberry-cough/index.html]
[napabuds.com/product/sour-diesel/index.html]
[napabuds.com/product/818-og/index.html]
[napabuds.com/wp-content/uploads/2024/10/biscotti-1-300x300.jpg]
[napabuds.com/wp-content/uploads/2024/03/Blackberry-Rhino-strain-helps-with-300x300.jpg]
[napabuds.com/product/aurora-indica/index.html]
[napabuds.com/wp-content/themes/astra/assets/js/minified/frontend.min1dc6.js]
[napabuds.com/product/biscotti-strain-2/index.html]
[napabuds.com/product/blackberry-rhino/index.html]
[napabuds.com/wp-content/themes/astra/assets/js/minified/mobile-cart.min1dc6.js]
[napabuds.com/wp-content/plugins/chaty/js/cht-front-script3298.js]
[napabuds.com/wp-content/plugins/woocommerce/assets/js/sourcebuster/sourcebuster.mindb31.js]
[napabuds.com/wp-content/plugins/woocommerce/assets/js/frontend/order-attribution.mindb31.js]
[napabuds.com/wp-includes/js/dist/dom-ready.min5346.js]
[napabuds.com/wp-content/plugins/astra-sites/inc/lib/onboarding/assets/dist/template-preview/maina11c.js]
[napabuds.com/wp-content/plugins/elementor/assets/lib/swiper/v8/swiper.min94a4.js]
[napabuds.com/wp-content/plugins/woocommerce/assets/js/frontend/cart-fragments.mindb31.js]
[napabuds.com/wp-content/plugins/elementor/assets/js/webpack.runtime.minb175.js]
[napabuds.com/wp-content/plugins/elementor/assets/js/frontend-modules.minb175.js]
[napabuds.com/wp-includes/js/jquery/ui/core.minb37e.js]
[napabuds.com/wp-content/plugins/elementor/assets/js/frontend.minb175.js]
[napabuds.com/index.html]
[napabuds.com/wp-content/themes/astra/assets/css/minified/main.min1dc6.css]
[napabuds.com/wp-content/plugins/chaty/images/whatsapp.png]
[napabuds.com/wp-content/plugins/chaty/images/whatsapp-welcome-popup.png]
[napabuds.com/wp-content/plugins/chaty/images/header-top.png]
[napabuds.com/wp-content/plugins/chaty/images/header-bottom.png]
[napabuds.com/wp-content/plugins/chaty/css/chaty-front.min3298.css]
[napabuds.com/wp-content/themes/astra/assets/css/minified/compatibility/woocommerce/woocommerce-layout-grid.min1dc6.css]
[napabuds.com/wp-content/themes/astra/assets/css/minified/compatibility/woocommerce/woocommerce-smallscreen-grid.min1dc6.css]
[napabuds.com/wp-content/plugins/woocommerce/assets/fonts/star.eot]
[napabuds.com/wp-content/plugins/woocommerce/assets/fonts/stard41d.eot]
[napabuds.com/wp-content/plugins/woocommerce/assets/fonts/star.woff]
[napabuds.com/wp-content/plugins/woocommerce/assets/fonts/star.ttf]
[napabuds.com/wp-content/plugins/woocommerce/assets/fonts/star.svg]
[napabuds.com/wp-content/plugins/woocommerce/assets/fonts/WooCommerce.eot]
[napabuds.com/wp-content/plugins/woocommerce/assets/fonts/WooCommerced41d.eot]
[napabuds.com/wp-content/plugins/woocommerce/assets/fonts/WooCommerce.woff]
[napabuds.com/wp-content/plugins/woocommerce/assets/fonts/WooCommerce.ttf]
[napabuds.com/wp-content/plugins/woocommerce/assets/fonts/WooCommerce.svg]
[napabuds.com/wp-content/plugins/woocommerce/assets/css/photoswipe/default-skin/default-skin.png]
[napabuds.com/wp-content/plugins/woocommerce/assets/images/icons/credit-cards/visa.svg]
[napabuds.com/wp-content/plugins/woocommerce/assets/images/icons/credit-cards/mastercard.svg]
[napabuds.com/wp-content/plugins/woocommerce/assets/images/icons/credit-cards/laser.svg]
[napabuds.com/wp-content/plugins/woocommerce/assets/images/icons/credit-cards/diners.svg]
[napabuds.com/wp-content/plugins/woocommerce/assets/images/icons/credit-cards/maestro.svg]
[napabuds.com/wp-content/plugins/woocommerce/assets/images/icons/credit-cards/jcb.svg]
[napabuds.com/wp-content/plugins/woocommerce/assets/images/icons/credit-cards/amex.svg]
[napabuds.com/wp-content/plugins/woocommerce/assets/images/icons/credit-cards/discover.svg]
[napabuds.com/wp-content/themes/astra/assets/css/minified/compatibility/woocommerce/woocommerce-grid.min1dc6.css]
[napabuds.com/wp-content/plugins/easy-marijuana-age-verify/includes/assets/stylesebd3.css]
[napabuds.com/wp-content/plugins/elementor/assets/css/frontend.minb175.css]
[napabuds.com/wp-content/uploads/elementor/css/post-1083fd61.css]
[napabuds.com/wp-content/plugins/elementor/assets/css/widget-heading.minb175.css]
[napabuds.com/wp-content/plugins/elementor/assets/css/widget-icon-list.minb175.css]
[napabuds.com/wp-content/plugins/elementor/assets/lib/swiper/v8/css/swiper.min94a4.css]
[napabuds.com/wp-content/plugins/elementor/assets/css/conditionals/e-swiper.minb175.css]
[napabuds.com/wp-content/plugins/elementor/assets/css/widget-text-editor.minb175.css]
[napabuds.com/wp-content/plugins/elementor/assets/css/widget-icon-box.minb175.css]
[napabuds.com/wp-content/uploads/2024/02/sativa.webp]
[napabuds.com/wp-content/uploads/2024/02/indica-strains__1_.jpg]
[napabuds.com/wp-content/uploads/2024/02/Your-Guide-to-2024s-Best-Weed-Strains-scaled-1.webp]
[napabuds.com/wp-content/uploads/2024/02/exotic_weed_vs_regular_weed_1024x1024.webp]
[napabuds.com/wp-content/uploads/2024/02/Exotic-Weed-Strains2.jpg]
[napabuds.com/wp-content/uploads/2024/02/Hybrid-Weed-Strains-The-Art-of-Crafting-Perfect-Blends-1024x573-1.jpg]
[napabuds.com/wp-content/uploads/2024/02/11-Best-Indica-Cannabis-Strains-scaled-1.jpg]
[napabuds.com/wp-content/uploads/2024/02/best-sativa-strains.jpg]
[napabuds.com/wp-content/uploads/2024/02/What-is-Exotic-Weed.webp]
[napabuds.com/wp-content/uploads/elementor/css/post-1194fd61.css]
[napabuds.com/wp-includes/css/dist/block-library/style.min9704.css]
[napabuds.com/wp-content/uploads/2024/02/KAMIKAZI-BACIO-GELATO-1.JPG-451-2-300x300.jpg]
[napabuds.com/shop/page/2/index.html]
[napabuds.com/shop/feed/index.html]
[napabuds.com/wp-content/uploads/2024/02/Biscotti-Strain-300x300.webp]
[napabuds.com/wp-content/uploads/2024/10/Aeriz_Website_Strains_BananaBiscottiSundae-300x300.jpg]
[napabuds.com/product-category/indica/index.html]
[napabuds.com/product-category/hybrid/index.html]
[napabuds.com/wp-content/uploads/2024/10/1ac762db-19f0-47a9-84d7-a78b222e1d48-300x300.5c.delayed]
[napabuds.com/product-category/sativa/index.html]
[napabuds.com/wp-content/uploads/2024/02/Black-Jack-strain-300x300.jpg]
[napabuds.com/product/bacio-gelato/index.html]
[napabuds.com/wp-content/plugins/woocommerce/assets/client/blocks/wc-blocks8fea.css]
[napabuds.com/product/biscotti-strain/index.html]
[napabuds.com/product/biscotti-sundae/index.html]
[napabuds.com/wp-content/plugins/woocommerce/assets/client/blocks/product-search8fea.css]
[napabuds.com/wp-content/plugins/woocommerce/assets/client/blocks/price-filter8fea.css]
[napabuds.com/product/black-cherry-gelato/index.html]
[napabuds.com/product/black-jack-strain/index.html]
[napabuds.com/wp-content/plugins/woocommerce/assets/client/blocks/product-categories8fea.css]
[napabuds.com/shop/page/3/index.html]
[napabuds.com/wp-includes/js/dist/vendor/react.mincb06.js]
[napabuds.com/wp-includes/js/dist/vendor/lodash.mind1d1.js]
[napabuds.com/wp-includes/js/dist/vendor/react-dom.mincb06.js]
[napabuds.com/shop/page/4/index.html]
[napabuds.com/shop/page/6/index.html]
[napabuds.com/shop/page/5/index.html]
[napabuds.com/wp-includes/js/dist/vendor/react-jsx-runtime.mincb06.js]
[napabuds.com/wp-includes/js/dist/hooks.min4fdd.js]
[napabuds.com/wp-includes/js/dist/deprecated.min0a8b.js]
[napabuds.com/wp-includes/js/dist/dom.min05c5.js]
[napabuds.com/wp-includes/js/dist/escape-html.min3a9d.js]
[napabuds.com/wp-includes/js/dist/element.min1596.js]
[napabuds.com/wp-includes/js/dist/is-shallow-equal.mincb09.js]
[napabuds.com/wp-includes/js/dist/i18n.minc33c.js]
[napabuds.com/wp-includes/js/dist/keycodes.min8cc0.js]
[napabuds.com/wp-includes/js/dist/priority-queue.minc7db.js]
[napabuds.com/wp-includes/js/dist/compose.min465e.js]
[napabuds.com/wp-includes/js/dist/private-apis.min98d3.js]
[napabuds.com/wp-includes/js/dist/redux-routine.mineef5.js]
[napabuds.com/wp-includes/js/dist/data.min1020.js]
[napabuds.com/wp-includes/js/dist/vendor/wp-polyfill.min2c7c.js]
[napabuds.com/wp-content/plugins/woocommerce/assets/client/blocks/wc-blocks-registry8d1b.js]
[napabuds.com/wp-includes/js/dist/url.min9481.js]
[napabuds.com/wp-includes/js/dist/api-fetch.min53e9.js]
[napabuds.com/wp-admin/admin-ajax.77f809.delayed]
[napabuds.com/wp-content/plugins/woocommerce/assets/client/blocks/wc-settings8edc.js]
[napabuds.com/wp-includes/js/dist/data-controls.min01e0.js]
[napabuds.com/wp-includes/js/dist/html-entities.min5b55.js]
[napabuds.com/wp-includes/js/dist/notices.minfe2f.js]
[napabuds.com/wp-content/plugins/woocommerce/assets/client/blocks/wc-blocks-middlewarece2b.js]
[napabuds.com/wp-content/plugins/woocommerce/assets/client/blocks/wc-blocks-data997f.js]
[napabuds.com/wp-includes/js/dist/a11y.min3f73.js]
[napabuds.com/wp-includes/js/dist/primitives.min4e94.js]
[napabuds.com/wp-includes/js/dist/warning.min85d7.js]
[napabuds.com/wp-content/plugins/woocommerce/assets/client/blocks/blocks-componentsf69d.js]
[napabuds.com/wp-content/plugins/woocommerce/assets/client/blocks/price-format65ec.js]
[napabuds.com/wp-content/plugins/woocommerce/assets/client/blocks/price-filter-frontendb137.js]
[napabuds.com/shop/index.html]
[napabuds.com/wp-content/plugins/woocommerce/assets/css/select2db31.css]
[napabuds.com/wp-content/plugins/woocommerce/assets/js/frontend/country-select.mindb31.js]
[napabuds.com/wp-content/plugins/woocommerce/assets/js/frontend/address-i18n.mindb31.js]
[napabuds.com/wp-content/plugins/woocommerce/assets/js/frontend/cart.mindb31.js]
[napabuds.com/wp-content/plugins/woocommerce/assets/js/selectWoo/selectWoo.full.minf8b3.js]
[napabuds.com/wp-json/wp/v2/pages/1191.json]
[napabuds.com/wp-json/oembed/1.0/embed4974.json]
[napabuds.com/cart/index.html]
[napabuds.com/checkout/index.html]
[napabuds.com/wp-json/oembed/1.0/embed57c2]
[napabuds.com/wp-content/plugins/elementor/assets/css/widget-google_maps.minb175.css]
[napabuds.com/wp-content/uploads/elementor/css/post-248b8b.css]
[napabuds.com/wp-json/wp/v2/pages/24.json]
[napabuds.com/wp-json/oembed/1.0/embed8872.json]
[napabuds.com/contact/index.html]
[napabuds.com/wp-json/oembed/1.0/embed69bf]
[napabuds.com/wp-content/plugins/elementor/assets/css/widget-spacer.minb175.css]
[napabuds.com/wp-content/uploads/elementor/css/post-1744abe6.css]
[napabuds.com/wp-json/wp/v2/pages/1744.json]
[napabuds.com/wp-json/oembed/1.0/embedef44.json]
[napabuds.com/faq/index.html]
[napabuds.com/wp-json/oembed/1.0/embedc329]
[napabuds.com/wp-content/plugins/woocommerce/assets/css/photoswipe/photoswipe.mindb31.css]
[napabuds.com/product/alien-fritter/feed/index.html]
[napabuds.com/wp-content/plugins/woocommerce/assets/css/photoswipe/default-skin/default-skin.mindb31.css]
[napabuds.com/wp-content/plugins/woocommerce/assets/js/zoom/jquery.zoom.min2d95.js]
[napabuds.com/wp-content/plugins/woocommerce/assets/js/flexslider/jquery.flexslider.minaf9e.js]
[napabuds.com/wp-content/plugins/woocommerce/assets/js/photoswipe/photoswipe.minaeaa.js]
[napabuds.com/wp-content/plugins/woocommerce/assets/js/photoswipe/photoswipe-ui-default.minaeaa.js]
[napabuds.com/wp-content/plugins/woocommerce/assets/js/frontend/single-product.mindb31.js]
[napabuds.com/wp-json/wp/v2/product/1570.json]
[napabuds.com/wp-json/oembed/1.0/embed8939.json]
[napabuds.com/wp-json/oembed/1.0/embed6a2d]
[napabuds.com/wp-content/uploads/2024/02/Apple-Fritter-Multi-Shot.jpg]
[napabuds.com/wp-content/uploads/2024/02/Apple-Fritter-Multi-Shot-600x600.jpg]
[napabuds.com/wp-content/uploads/2024/02/Mimosaphoto-300x300.jpg]
[napabuds.com/wp-content/uploads/2024/02/white-truffle-thca-529048-300x300.webp]
[napabuds.com/product/granddaddy-pluto/index.html]
[napabuds.com/product/mimosa/index.html]
[napabuds.com/wp-content/uploads/2024/02/White-Lotus-300x300.a4.delayed]
[napabuds.com/product/white-truffle/index.html]
[napabuds.com/wp-includes/js/comment-reply.min9704.js]
[napabuds.com/wp-includes/js/underscore.min3ab8.js]
[napabuds.com/product/white-lotus/index.html]
[napabuds.com/wp-includes/js/wp-util.min9704.js]
[napabuds.com/wp-content/plugins/woocommerce/assets/js/frontend/add-to-cart-variation.mindb31.js]
[napabuds.com/product/alien-fritter/index.html]
[napabuds.com/wp-json/wp/v2/product/1776.json]
[napabuds.com/product/alien-mintz/feed/index.html]
[napabuds.com/wp-json/oembed/1.0/embed600e.json]
[napabuds.com/wp-json/oembed/1.0/embedb6f9]
[napabuds.com/wp-content/uploads/2024/10/sample_weed_nug_1-1-scaled.jpg]
[napabuds.com/wp-content/uploads/2024/10/sample_weed_nug_1-1-600x400.jpg]
[napabuds.com/wp-content/uploads/2024/02/pink-gelato-300x300.jpg]
[napabuds.com/wp-content/uploads/2024/02/kush_mints-300x300.jpg]
[napabuds.com/product/alien-mintz/index.html]
[napabuds.com/product/cherry-runtz/index.html]
[napabuds.com/product/bubblegum-gelato-strain/index.html]
[napabuds.com/product/gush-mints/index.html]
[napabuds.com/product/animal-mints/feed/index.html]
[napabuds.com/wp-json/wp/v2/product/1331.json]
[napabuds.com/wp-json/oembed/1.0/embeda911.json]
[napabuds.com/wp-json/oembed/1.0/embed2831]
[napabuds.com/wp-content/uploads/2024/02/Animal-Mints.webp]
[napabuds.com/wp-content/uploads/2024/02/Animal-Mints-600x899.webp]
[napabuds.com/wp-content/uploads/2024/02/snow-1-300x300.jpg]
[napabuds.com/product/animal-mints/index.html]
[napabuds.com/product/super-runtz/index.html]
[napabuds.com/product/snowcap/index.html]
[napabuds.com/wp-json/wp/v2/product/1683.json]
[napabuds.com/product/apple-mac/feed/index.html]
[napabuds.com/wp-json/oembed/1.0/embed1c69.json]
[napabuds.com/wp-json/oembed/1.0/embedd2a7]
[napabuds.com/wp-content/uploads/2024/03/Apple_MAC_Jar_Photo_50.webp]
[napabuds.com/wp-content/uploads/2024/03/Apple_MAC_Jar_Photo_50-600x600.webp]
[napabuds.com/wp-content/uploads/2024/02/flower-LSO-Blueberry-Skittles-300x300.webp]
[napabuds.com/wp-content/uploads/2024/02/Fruity-Tooties-aka-Fruit-Loops-1-300x300.jpg]
[napabuds.com/product/apple-mac/index.html]
[napabuds.com/product/garlicane/index.html]
[napabuds.com/product/blueberry-skittles/index.html]
[napabuds.com/product/fruit-loop/index.html]
[napabuds.com/wp-json/wp/v2/product/1425.json]
[napabuds.com/product/green-crack/feed/index.html]
[napabuds.com/wp-json/oembed/1.0/embed97b1.json]
[napabuds.com/wp-json/oembed/1.0/embede293]
[napabuds.com/wp-content/uploads/2024/02/green-crack-delta-8-thc-flower-bud.jpg]
[napabuds.com/wp-content/uploads/2024/02/green-crack-delta-8-thc-flower-bud-600x600.jpg]
[napabuds.com/wp-content/uploads/2024/10/sample_weed_nug_1-300x300.jpg]
[napabuds.com/product/green-crack/index.html]
[napabuds.com/product/green-crack/indexb611.html]
[napabuds.com/product/sugar-plum/index.html]
[napabuds.com/wp-json/wp/v2/product/1832.json]
[napabuds.com/product/limoncello/feed/index.html]
[napabuds.com/wp-json/oembed/1.0/embedd024.json]
[napabuds.com/wp-json/oembed/1.0/embedf711]
[napabuds.com/wp-content/uploads/2024/10/limoncello-runtz-flower-thca-sativa_1.jpg]
[napabuds.com/product/limoncello/index.html]
[napabuds.com/indexb611.html]
[napabuds.com/product/sour-diesel/feed/index.html]
[napabuds.com/wp-json/wp/v2/product/1420.json]
[napabuds.com/product/super-bubblegum-gelato/index.html]
[napabuds.com/wp-json/oembed/1.0/embed155a.json]
[napabuds.com/wp-json/oembed/1.0/embedd413]
[napabuds.com/wp-content/uploads/2024/02/sour-diesel-strain-cannabis-flower-nug_1100x.webp]
[napabuds.com/wp-content/uploads/2024/02/sour-diesel-strain-cannabis-flower-nug_1100x-600x400.webp]
[napabuds.com/product/sour-diesel/index.html]
[napabuds.com/wp-json/wp/v2/product/1584.json]
[napabuds.com/product/strawberry-cough/feed/index.html]
[napabuds.com/wp-json/oembed/1.0/embed33e4.json]
[napabuds.com/product/strawberry-cough/index.html]
[napabuds.com/wp-json/oembed/1.0/embedf584]
[napabuds.com/wp-json/wp/v2/product/1502.json]
[napabuds.com/product/818-og/feed/index.html]
[napabuds.com/product/strawberry-cough/indexb611.html]
[napabuds.com/wp-json/oembed/1.0/embed8754.json]
[napabuds.com/wp-json/oembed/1.0/embed45c2]
[napabuds.com/wp-content/uploads/2024/02/818-Og.webp]
[napabuds.com/wp-content/uploads/2024/02/generic_566933809-300x300.webp]
[napabuds.com/product/sweet-baby-jane/index.html]
[napabuds.com/product/818-og/index.html]
[napabuds.com/wp-content/uploads/2024/02/Forbidden-Fruit-web-rotated-1-300x300.jpg]
[napabuds.com/product/forbidden-fruit/index.html]
[napabuds.com/wp-json/wp/v2/product/1512.json]
[napabuds.com/product/aurora-indica/feed/index.html]
[napabuds.com/wp-json/oembed/1.0/embed0666.json]
[napabuds.com/wp-json/oembed/1.0/embed1ff0]
[napabuds.com/wp-content/uploads/2024/02/Critical-Mass.webp]
[napabuds.com/wp-content/uploads/2024/02/Critical-Mass-600x900.webp]
[napabuds.com/wp-content/uploads/2024/02/Blue-Cheese-300x300.webp]
[napabuds.com/product/aurora-indica/index.html]
[napabuds.com/product/blue-cheese/index.html]
[napabuds.com/product/gary-payton/index.html]
[napabuds.com/product/biscotti-strain-2/feed/index.html]
[napabuds.com/wp-json/wp/v2/product/1781.json]
[napabuds.com/wp-json/oembed/1.0/embed1970.json]
[napabuds.com/wp-json/oembed/1.0/embedb5e3]
[napabuds.com/wp-content/uploads/2024/10/biscotti-1.jpg]
[napabuds.com/wp-content/uploads/2024/10/biscotti-1-600x365.jpg]
[napabuds.com/product/biscotti-strain-2/index.html]
[napabuds.com/product/blackberry-rhino/feed/index.html]
[napabuds.com/wp-json/wp/v2/product/1677.json]
[napabuds.com/wp-json/oembed/1.0/embed237d.json]
[napabuds.com/wp-json/oembed/1.0/embed1631]
[napabuds.com/wp-content/uploads/2024/03/Blackberry-Rhino-strain-helps-with.jpg]
[napabuds.com/wp-content/uploads/2024/03/Blackberry-Rhino-strain-helps-with-600x600.jpg]
[napabuds.com/wp-content/uploads/2024/02/Cannabis-Collective_Wedding-Cake_Theory-Wellness-300x300.jpg]
[napabuds.com/product/blackberry-rhino/index.html]
[napabuds.com/wp-content/plugins/woocommerce/assets/fonts/star.svg]
[napabuds.com/wp-content/plugins/woocommerce/assets/fonts/WooCommerce.svg]
[napabuds.com/wp-content/plugins/woocommerce/assets/images/icons/loader.svg]
[napabuds.com/wp-content/plugins/woocommerce/assets/images/icons/credit-cards/visa.svg]
[napabuds.com/wp-content/plugins/woocommerce/assets/images/icons/credit-cards/mastercard.svg]
[napabuds.com/wp-content/plugins/woocommerce/assets/images/icons/credit-cards/laser.svg]
[napabuds.com/wp-content/plugins/woocommerce/assets/images/icons/credit-cards/diners.svg]
[napabuds.com/wp-content/plugins/woocommerce/assets/images/icons/credit-cards/maestro.svg]
[napabuds.com/wp-content/plugins/woocommerce/assets/images/icons/credit-cards/jcb.svg]
[napabuds.com/wp-content/plugins/woocommerce/assets/images/icons/credit-cards/amex.svg]
[napabuds.com/wp-content/plugins/woocommerce/assets/images/icons/credit-cards/discover.svg]
[napabuds.com/product/ice-cream-cake/index.html]
[napabuds.com/wp-content/uploads/2024/02/Black-Runtz-300x300.jpg]
[napabuds.com/wp-content/uploads/2024/10/IMG_5400-1024x952-1-300x300.png]
[napabuds.com/product/black-runtz/index.html]
[napabuds.com/wp-content/uploads/2024/02/Bulk-butterfingers-1-300x300.webp]
[napabuds.com/product/bubble-gum-gelato/index.html]
[napabuds.com/wp-content/uploads/2024/02/Candy-Paint-300x300.jpg]
[napabuds.com/product/butterfingaz/index.html]
[napabuds.com/wp-content/uploads/2024/02/Cherry-Noir-300x300.webp]
[napabuds.com/product/candy-paint/index.html]
[napabuds.com/wp-content/uploads/2024/02/Cherry-Pie-300x300.webp]
[napabuds.com/product/cherry-noir/index.html]
[napabuds.com/wp-content/uploads/2024/02/Candy-Paint-1-300x300.jpg]
[napabuds.com/product/cherry-pie/index.html]
[napabuds.com/wp-content/uploads/2024/07/generic_1243446973-300x300.webp]
[napabuds.com/shop/page/2/index.html]
[napabuds.com/wp-includes/css/dist/block-library/style.min9704.css]
[napabuds.com/product/fanta-frozen-wockhardt/index.html]
[napabuds.com/product-category/hybrid/index.html]
[napabuds.com/wp-json/wp/v2/product_cat/28.json]
[napabuds.com/product-category/hybrid/feed/index.html]
[napabuds.com/product-category/hybrid/page/2/index.html]
[napabuds.com/wp-json/wp/v2/product_cat/27.json]
[napabuds.com/product-category/hybrid/page/3/index.html]
[napabuds.com/product-category/hybrid/page/4/index.html]
[napabuds.com/product-category/hybrid/page/5/index.html]
[napabuds.com/wp-content/uploads/2024/02/Gumbo-Multi-300x300.webp]
[napabuds.com/product-category/indica/index.html]
[napabuds.com/product-category/indica/feed/index.html]
[napabuds.com/product/gumbo/index.html]
[napabuds.com/product-category/sativa/feed/index.html]
[napabuds.com/wp-json/wp/v2/product_cat/26.json]
[napabuds.com/wp-content/uploads/2024/02/super-silver-haze-300x300.webp]
[napabuds.com/product-category/sativa/index.html]
[napabuds.com/product/super-silver-haze/index.html]
[napabuds.com/product-category/sativa/indexb611.html]
[napabuds.com/wp-json/wp/v2/product/1450.json]
[napabuds.com/product/bacio-gelato/feed/index.html]
[napabuds.com/wp-json/oembed/1.0/embedca30.json]
[napabuds.com/wp-json/oembed/1.0/embede5eb]
[napabuds.com/wp-content/uploads/2024/02/KAMIKAZI-BACIO-GELATO-1.JPG-451-2.jpg]
[napabuds.com/wp-content/uploads/2024/02/KAMIKAZI-BACIO-GELATO-1.JPG-451-2-600x600.jpg]
[napabuds.com/wp-content/uploads/2024/02/KAMIKAZI-PURPLE-PUNK-1.JPG-3837-2-300x300.jpg]
[napabuds.com/wp-content/uploads/2024/02/marijuana-bud-general-300x300.webp]
[napabuds.com/product/purple-punch/index.html]
[napabuds.com/wp-content/uploads/2024/02/gary-payton-strain-300x300.jpg]
[napabuds.com/product/bacio-gelato/index.html]
[napabuds.com/product/sunset-sherbet-strain/index.html]
[napabuds.com/wp-json/wp/v2/product/1337.json]
[napabuds.com/product/biscotti-strain/feed/index.html]
[napabuds.com/wp-json/oembed/1.0/embed459d.json]
[napabuds.com/wp-json/oembed/1.0/embed6fca]
[napabuds.com/wp-content/uploads/2024/02/Biscotti-Strain.webp]
[napabuds.com/wp-content/uploads/2024/02/Biscotti-Strain-600x800.webp]
[napabuds.com/product/biscotti-strain/index.html]
[napabuds.com/product/biscotti-sundae/feed/index.html]
[napabuds.com/wp-json/wp/v2/product/1771.json]
[napabuds.com/wp-json/oembed/1.0/embed1131.json]
[napabuds.com/wp-json/oembed/1.0/embedd043]
[napabuds.com/wp-content/uploads/2024/10/Aeriz_Website_Strains_BananaBiscottiSundae.jpg]
[napabuds.com/wp-content/uploads/2024/10/Aeriz_Website_Strains_BananaBiscottiSundae-600x600.jpg]
[napabuds.com/product/biscotti-sundae/index.html]
[napabuds.com/wp-json/wp/v2/product/1819.json]
[napabuds.com/product/black-cherry-gelato/feed/index.html]
[napabuds.com/wp-json/oembed/1.0/embed13d2.json]
[napabuds.com/wp-json/oembed/1.0/embedf9a1]
[napabuds.com/wp-content/uploads/2024/10/1ac762db-19f0-47a9-84d7-a78b222e1d48.jpg]
[napabuds.com/wp-content/uploads/2024/10/1ac762db-19f0-47a9-84d7-a78b222e1d48-600x595.jpg]
[napabuds.com/product/black-cherry-gelato/index.html]
[napabuds.com/product/black-jack-strain/feed/index.html]
[napabuds.com/wp-json/wp/v2/product/1548.json]
[napabuds.com/wp-json/oembed/1.0/embedf592.json]
[napabuds.com/wp-json/oembed/1.0/embed3e93]
[napabuds.com/wp-content/uploads/2024/02/Black-Jack-strain.jpg]
[napabuds.com/wp-content/uploads/2024/02/Black-Jack-strain-600x800.jpg]
[napabuds.com/wp-content/uploads/2024/02/granddaddypluto-300x300.jpg]
[napabuds.com/product/black-jack-strain/index.html]
[napabuds.com/wp-content/uploads/2024/10/trop-skittles-2-300x300.webp]
[napabuds.com/wp-content/uploads/2024/02/Garlicane-P2-SQ-1-scaled-1-300x300.jpg]
[napabuds.com/product/ftp-runtz/index.html]
[napabuds.com/wp-content/uploads/2024/10/Gas-Face-7-300x300.jpg]
[napabuds.com/wp-content/uploads/2024/10/Gushers-strain-e1650534032704-300x300.jpg]
[napabuds.com/product/gas-face/index.html]
[napabuds.com/product/gushers-strain/index.html]
[napabuds.com/wp-content/uploads/2024/08/ice-moonrock-cbd-1-300x300.webp]
[napabuds.com/shop/page/3/index.html]
[napabuds.com/wp-content/uploads/2024/02/kryptochronic-alien-labs-2-300x300.jpg]
[napabuds.com/shop/page/3/indexdddb.html]
[napabuds.com/wp-content/uploads/2024/02/Kush-Mints-300x300.webp]
[napabuds.com/product/ice-caps/index.html]
[napabuds.com/product/krypto-chronic/index.html]
[napabuds.com/wp-content/uploads/2024/02/Lemon-Cherry-Gelato-1-300x300.webp]
[napabuds.com/product/kush-mints/index.html]
[napabuds.com/product/lemon-cherry-gelato/index.html]
[napabuds.com/wp-content/uploads/2024/10/Lemon_Cherry_Gelato_-_1_1_2__93865-300x300.jpg]
[napabuds.com/product/lemon-cherry-gelato-2/index.html]
[napabuds.com/wp-content/uploads/2024/10/PermanentMarker-Website-e1704491493259-300x300.png]
[napabuds.com/wp-content/uploads/2024/02/Medellin-300x300.jpg]
[napabuds.com/shop/page/4/indexb611.html]
[napabuds.com/product/magic-marker/index.html]
[napabuds.com/wp-content/uploads/2024/02/N64-Froostiez-300x300.jpg]
[napabuds.com/wp-content/uploads/2024/10/permanent-marker-plant-300x300.webp]
[napabuds.com/shop/page/4/indexc6e1.html]
[napabuds.com/product/medellin/index.html]
[napabuds.com/product/n64-froostiez/index.html]
[napabuds.com/wp-content/uploads/2024/10/image1-768x512-1-300x300.png]
[napabuds.com/shop/page/4/index.html]
[napabuds.com/product/permanent-marker-x-bx1-fem-new-new/index.html]
[napabuds.com/product/purple-nerdz/index.html]
[napabuds.com/shop/page/4/index1614.html]
[napabuds.com/wp-content/uploads/2024/10/Bubblegum-7G-Juniors-Main-1-300x300.webp]
[napabuds.com/wp-content/uploads/2024/02/Super-Runtz-Nug-1-1-300x300.jpg]
[napabuds.com/wp-content/uploads/2024/10/trump-runtz-mylar-pouches-pre-labeled-347425_1200x1200-300x300.webp]
[napabuds.com/shop/page/5/indexb629.html]
[napabuds.com/wp-content/uploads/2024/10/Warheads-300x300.webp]
[napabuds.com/shop/page/5/index.html]
[napabuds.com/product/trump-runtz/index.html]
[napabuds.com/product/war-headz/index.html]
[napabuds.com/wp-content/uploads/2024/03/white-rhino-300x300.webp]
[napabuds.com/wp-content/uploads/2024/10/zoap-300x300.png]
[napabuds.com/shop/page/6/index.html]
[napabuds.com/wp-content/plugins/woocommerce/assets/client/blocks/wc-blocks8fea.css]
[napabuds.com/wp-content/plugins/woocommerce/assets/client/blocks/product-search8fea.css]
[napabuds.com/wp-content/plugins/woocommerce/assets/client/blocks/price-filter8fea.css]
[napabuds.com/wp-content/plugins/woocommerce/assets/client/blocks/product-categories8fea.css]
[napabuds.com/wp-admin/admin-ajaxf809.html]
[napabuds.com/wp-content/plugins/woocommerce/assets/css/select2db31.css]
[napabuds.com/index7886.html]
[napabuds.com/wp-content/plugins/elementor/assets/css/widget-google_maps.minb175.css]
[napabuds.com/product/white-rhino/index.html]
[napabuds.com/product/zoap/index.html]
[napabuds.com/wp-content/uploads/2024/02/weed-legalization.webp]
[napabuds.com/wp-content/uploads/elementor/css/post-248b8b.css]
[napabuds.com/index2cf9.html]
[napabuds.com/wp-content/plugins/elementor/assets/css/widget-spacer.minb175.css]
[napabuds.com/wp-content/uploads/elementor/css/post-1744abe6.css]
[napabuds.com/index5ace.html]
[napabuds.com/wp-content/plugins/woocommerce/assets/css/photoswipe/photoswipe.mindb31.css]
[napabuds.com/wp-content/plugins/woocommerce/assets/css/photoswipe/default-skin/default-skin.svg]
[napabuds.com/wp-content/plugins/woocommerce/assets/css/photoswipe/default-skin/default-skin.mindb31.css]
[napabuds.com/index2bee.html]
[napabuds.com/wp-content/plugins/woocommerce/assets/css/photoswipe/default-skin/preloader.gif]
[napabuds.com/product/granddaddy-pluto/feed/index.html]
[napabuds.com/wp-json/wp/v2/product/1564.json]
[napabuds.com/wp-json/oembed/1.0/embed1712.json]
[napabuds.com/wp-json/oembed/1.0/embed5a23]
[napabuds.com/wp-content/uploads/2024/02/granddaddypluto.jpg]
[napabuds.com/wp-content/uploads/2024/02/granddaddypluto-600x600.jpg]
[napabuds.com/product/granddaddy-pluto/index.html]
[napabuds.com/wp-json/wp/v2/product/1351.json]
[napabuds.com/product/mimosa/feed/index.html]
[napabuds.com/wp-json/oembed/1.0/embed8ec7.json]
[napabuds.com/wp-json/oembed/1.0/embeddd44]
[napabuds.com/wp-content/uploads/2024/02/Mimosaphoto.jpg]
[napabuds.com/wp-content/uploads/2024/02/Mimosaphoto-600x600.jpg]
[napabuds.com/product/mimosa/index.html]
[napabuds.com/wp-json/wp/v2/product/1388.json]
[napabuds.com/product/white-truffle/feed/index.html]
[napabuds.com/wp-json/oembed/1.0/embede05b.json]
[napabuds.com/wp-json/oembed/1.0/embedba5e]
[napabuds.com/wp-content/uploads/2024/02/white-truffle-thca-529048.webp]
[napabuds.com/product/white-truffle/index.html]
[napabuds.com/wp-content/uploads/2024/02/white-truffle-thca-529048-600x750.webp]
[napabuds.com/wp-json/wp/v2/product/1372.json]
[napabuds.com/product/white-lotus/feed/index.html]
[napabuds.com/wp-json/oembed/1.0/embed5da8.json]
[napabuds.com/wp-json/oembed/1.0/embed067f]
[napabuds.com/wp-content/uploads/2024/02/White-Lotus.webp]
[napabuds.com/wp-content/uploads/2024/02/White-Lotus-600x800.webp]
[napabuds.com/product/white-lotus/index.html]
[napabuds.com/index7e0f.html]
[napabuds.com/wp-json/wp/v2/product/1543.json]
[napabuds.com/product/cherry-runtz/feed/index.html]
[napabuds.com/wp-json/oembed/1.0/embed4ae4.json]
[napabuds.com/wp-json/oembed/1.0/embed2fd5]
[napabuds.com/wp-content/uploads/2024/02/Candy-Paint-1.jpg]
[napabuds.com/wp-content/uploads/2024/02/Candy-Paint-1-600x600.jpg]
[napabuds.com/product/cherry-runtz/index.html]
[napabuds.com/product/bubblegum-gelato-strain/feed/index.html]
[napabuds.com/wp-json/wp/v2/product/1316.json]
[napabuds.com/wp-json/oembed/1.0/embed646d.json]
[napabuds.com/wp-json/oembed/1.0/embed417f]
[napabuds.com/wp-content/uploads/2024/02/pink-gelato.jpg]
[napabuds.com/wp-content/uploads/2024/02/pink-gelato-600x800.jpg]
[napabuds.com/product/bubblegum-gelato-strain/index.html]
[napabuds.com/product/gush-mints/feed/index.html]
[napabuds.com/wp-json/wp/v2/product/1401.json]
[napabuds.com/wp-json/oembed/1.0/embed3e51.json]
[napabuds.com/wp-json/oembed/1.0/embedd146]
[napabuds.com/wp-content/uploads/2024/02/kush_mints.jpg]
[napabuds.com/product/gush-mints/index.html]
[napabuds.com/index4ac2.html]
[napabuds.com/wp-content/uploads/2024/02/kush_mints-600x839.jpg]
[napabuds.com/product/super-runtz/feed/index.html]
[napabuds.com/wp-json/wp/v2/product/1322.json]
[napabuds.com/wp-json/oembed/1.0/embed5590.json]
[napabuds.com/wp-json/oembed/1.0/embeddb61]
[napabuds.com/wp-content/uploads/2024/02/Super-Runtz-Nug-1-1.jpg]
[napabuds.com/wp-content/uploads/2024/02/Super-Runtz-Nug-1-1-600x600.jpg]
[napabuds.com/product/super-runtz/index.html]
[napabuds.com/product/snowcap/feed/index.html]
[napabuds.com/wp-json/wp/v2/product/1532.json]
[napabuds.com/wp-json/oembed/1.0/embed7fe2.json]
[napabuds.com/wp-json/oembed/1.0/embed35b9]
[napabuds.com/wp-content/uploads/2024/02/snow-1-scaled.jpg]
[napabuds.com/wp-content/uploads/2024/02/snow-1-600x800.jpg]
[napabuds.com/product/snowcap/index.html]
[napabuds.com/index1762.html]
[napabuds.com/product/garlicane/feed/index.html]
[napabuds.com/wp-json/wp/v2/product/1647.json]
[napabuds.com/wp-json/oembed/1.0/embede1be.json]
[napabuds.com/wp-json/oembed/1.0/embed5cdf]
[napabuds.com/wp-content/uploads/2024/02/Garlicane-P2-SQ-1-scaled-1.jpg]
[napabuds.com/wp-content/uploads/2024/02/Garlicane-P2-SQ-1-scaled-1-600x600.jpg]
[napabuds.com/product/garlicane/index.html]
[napabuds.com/wp-json/wp/v2/product/1377.json]
[napabuds.com/product/blueberry-skittles/feed/index.html]
[napabuds.com/wp-json/oembed/1.0/embedc9ac.json]
[napabuds.com/wp-json/oembed/1.0/embed048b]
[napabuds.com/wp-content/uploads/2024/02/flower-LSO-Blueberry-Skittles.webp]
[napabuds.com/wp-content/uploads/2024/02/flower-LSO-Blueberry-Skittles-600x600.webp]
[napabuds.com/product/blueberry-skittles/index.html]
[napabuds.com/wp-json/wp/v2/product/1558.json]
[napabuds.com/product/fruit-loop/feed/index.html]
[napabuds.com/wp-json/oembed/1.0/embedd4b1.json]
[napabuds.com/wp-json/oembed/1.0/embedd379]
[napabuds.com/wp-content/uploads/2024/02/Fruity-Tooties-aka-Fruit-Loops-1.jpg]
[napabuds.com/wp-content/uploads/2024/02/Fruity-Tooties-aka-Fruit-Loops-1-600x600.jpg]
[napabuds.com/product/fruit-loop/index.html]
[napabuds.com/index4297.html]
[napabuds.com/product/green-crack/indexb611.html]
[napabuds.com/product/sugar-plum/feed/index.html]
[napabuds.com/wp-json/wp/v2/product/1786.json]
[napabuds.com/wp-json/oembed/1.0/embedd0a2.json]
[napabuds.com/wp-json/oembed/1.0/embed3ca6]
[napabuds.com/wp-content/uploads/2024/10/sample_weed_nug_1-scaled.jpg]
[napabuds.com/wp-content/uploads/2024/10/sample_weed_nug_1-600x400.jpg]
[napabuds.com/product/sugar-plum/index.html]
[napabuds.com/index18c8.html]
[napabuds.com/product/super-bubblegum-gelato/feed/index.html]
[napabuds.com/wp-json/wp/v2/product/1830.json]
[napabuds.com/product/sugar-plum/indexb611.html]
[napabuds.com/wp-json/oembed/1.0/embedcdfa.json]
[napabuds.com/wp-json/oembed/1.0/embed9118]
[napabuds.com/wp-content/uploads/2024/10/Bubblegum-7G-Juniors-Main-1.webp]
[napabuds.com/wp-content/uploads/2024/10/Bubblegum-7G-Juniors-Main-1-600x400.webp]
[napabuds.com/product/super-bubblegum-gelato/index.html]
[napabuds.com/index6e2d.html]
[napabuds.com/index44d6.html]
[napabuds.com/product/strawberry-cough/indexb611.html]
[napabuds.com/indexebbd.html]
[napabuds.com/product/sweet-baby-jane/feed/index.html]
[napabuds.com/wp-json/wp/v2/product/1553.json]
[napabuds.com/wp-json/oembed/1.0/embeda952.json]
[napabuds.com/wp-json/oembed/1.0/embedfc98]
[napabuds.com/wp-content/uploads/2024/02/generic_566933809.webp]
[napabuds.com/product/sweet-baby-jane/index.html]
[napabuds.com/wp-json/wp/v2/product/1433.json]
[napabuds.com/product/forbidden-fruit/feed/index.html]
[napabuds.com/wp-json/oembed/1.0/embede29e.json]
[napabuds.com/wp-json/oembed/1.0/embed59a2]
[napabuds.com/wp-content/uploads/2024/02/Forbidden-Fruit-web-rotated-1.jpg]
[napabuds.com/wp-content/uploads/2024/02/Forbidden-Fruit-web-rotated-1-600x496.jpg]
[napabuds.com/product/forbidden-fruit/index.html]
[napabuds.com/index8e48.html]
[napabuds.com/product/gary-payton/feed/index.html]
[napabuds.com/wp-json/wp/v2/product/1394.json]
[napabuds.com/wp-json/oembed/1.0/embedcc51.json]
[napabuds.com/wp-json/oembed/1.0/embed19b7]
[napabuds.com/wp-content/uploads/2024/02/gary-payton-strain.jpg]
[napabuds.com/wp-content/uploads/2024/02/gary-payton-strain-600x600.jpg]
[napabuds.com/product/gary-payton/index.html]
[napabuds.com/wp-json/wp/v2/product/1517.json]
[napabuds.com/product/blue-cheese/feed/index.html]
[napabuds.com/wp-json/oembed/1.0/embedba5a.json]
[napabuds.com/wp-json/oembed/1.0/embeda94f]
[napabuds.com/wp-content/uploads/2024/02/Blue-Cheese.webp]
[napabuds.com/wp-content/uploads/2024/02/Blue-Cheese-600x800.webp]
[napabuds.com/product/blue-cheese/index.html]
[napabuds.com/indexf376.html]
[napabuds.com/indexcc63.html]
[napabuds.com/wp-json/wp/v2/product/1523.json]
[napabuds.com/product/ice-cream-cake/feed/index.html]
[napabuds.com/wp-json/oembed/1.0/embedbac7.json]
[napabuds.com/wp-json/oembed/1.0/embed88a2]
[napabuds.com/wp-content/uploads/2024/02/Cannabis-Collective_Wedding-Cake_Theory-Wellness.jpg]
[napabuds.com/wp-content/uploads/2024/02/Cannabis-Collective_Wedding-Cake_Theory-Wellness-600x600.jpg]
[napabuds.com/product/ice-cream-cake/index.html]
[napabuds.com/product/black-runtz/feed/index.html]
[napabuds.com/wp-json/wp/v2/product/1640.json]
[napabuds.com/wp-json/oembed/1.0/embed4800.json]
[napabuds.com/wp-json/oembed/1.0/embedc791]
[napabuds.com/wp-content/uploads/2024/02/Black-Runtz.jpg]
[napabuds.com/wp-content/uploads/2024/02/Black-Runtz-600x600.jpg]
[napabuds.com/product/black-runtz/index.html]
[napabuds.com/product/bubble-gum-gelato/feed/index.html]
[napabuds.com/wp-json/wp/v2/product/1814.json]
[napabuds.com/wp-json/oembed/1.0/embed31d6.json]
[napabuds.com/wp-json/oembed/1.0/embed6de3]
[napabuds.com/wp-content/uploads/2024/10/IMG_5400-1024x952-1.png]
[napabuds.com/wp-content/uploads/2024/10/IMG_5400-1024x952-1-600x558.png]
[napabuds.com/product/bubble-gum-gelato/index.html]
[napabuds.com/product/butterfingaz/feed/index.html]
[napabuds.com/wp-json/wp/v2/product/1629.json]
[napabuds.com/wp-json/oembed/1.0/embedfbf6.json]
[napabuds.com/wp-json/oembed/1.0/embed0dc9]
[napabuds.com/wp-content/uploads/2024/02/Bulk-butterfingers-1.webp]
[napabuds.com/wp-content/uploads/2024/02/Bulk-butterfingers-1-600x600.webp]
[napabuds.com/product/butterfingaz/index.html]
[napabuds.com/product/candy-paint/feed/index.html]
[napabuds.com/wp-json/wp/v2/product/1538.json]
[napabuds.com/wp-json/oembed/1.0/embed7878.json]
[napabuds.com/wp-json/oembed/1.0/embed224f]
[napabuds.com/wp-content/uploads/2024/02/Candy-Paint.jpg]
[napabuds.com/product/candy-paint/index.html]
[napabuds.com/wp-content/uploads/2024/02/Candy-Paint-600x600.jpg]
[napabuds.com/wp-json/wp/v2/product/1638.json]
[napabuds.com/product/cherry-noir/feed/index.html]
[napabuds.com/wp-json/oembed/1.0/embed5a14.json]
[napabuds.com/wp-json/oembed/1.0/embed6c00]
[napabuds.com/product/cherry-noir/index.html]
[napabuds.com/wp-content/uploads/2024/02/Cherry-Noir.webp]
[napabuds.com/wp-json/wp/v2/product/1345.json]
[napabuds.com/product/cherry-pie/feed/index.html]
[napabuds.com/wp-json/oembed/1.0/embed6da3.json]
[napabuds.com/wp-json/oembed/1.0/embed1a3f]
[napabuds.com/wp-content/uploads/2024/02/Cherry-Pie.webp]
[napabuds.com/wp-content/uploads/2024/02/Cherry-Pie-600x900.webp]
[napabuds.com/product/cherry-pie/index.html]
[napabuds.com/product/fanta-frozen-wockhardt/feed/index.html]
[napabuds.com/wp-json/wp/v2/product/1718.json]
[napabuds.com/wp-json/oembed/1.0/embed497e.json]
[napabuds.com/wp-json/oembed/1.0/embed3654]
[napabuds.com/product/fanta-frozen-wockhardt/index.html]
[napabuds.com/shop/page/1/index.html]
[napabuds.com/product-category/hybrid/page/2/index.html]
[napabuds.com/product-category/hybrid/page/3/index.html]
[napabuds.com/wp-content/uploads/2024/07/generic_1243446973.webp]
[napabuds.com/product-category/hybrid/page/4/index.html]
[napabuds.com/product-category/hybrid/page/5/index.html]
[napabuds.com/product-category/hybrid/page/3/indexc6e1.html]
[napabuds.com/product-category/hybrid/page/3/indexdddb.html]
[napabuds.com/product-category/hybrid/page/4/index1614.html]
[napabuds.com/product-category/hybrid/page/4/indexb629.html]
[napabuds.com/wp-json/wp/v2/product/1635.json]
[napabuds.com/product/gumbo/feed/index.html]
[napabuds.com/wp-json/oembed/1.0/embed0bb8.json]
[napabuds.com/wp-json/oembed/1.0/embede77b]
[napabuds.com/wp-content/uploads/2024/02/Gumbo-Multi.webp]
[napabuds.com/wp-content/uploads/2024/02/Gumbo-Multi-600x600.webp]
[napabuds.com/product/gumbo/index.html]
[napabuds.com/product-category/sativa/indexb611.html]
[napabuds.com/product/super-silver-haze/feed/index.html]
[napabuds.com/wp-json/wp/v2/product/1579.json]
[napabuds.com/wp-json/oembed/1.0/embed99bd.json]
[napabuds.com/wp-json/oembed/1.0/embed48d8]
[napabuds.com/wp-content/uploads/2024/02/super-silver-haze.webp]
[napabuds.com/product/super-silver-haze/index.html]
[napabuds.com/index8569.html]
[napabuds.com/wp-json/wp/v2/product/1362.json]
[napabuds.com/product/purple-punch/feed/index.html]
[napabuds.com/product/super-silver-haze/indexb611.html]
[napabuds.com/wp-json/oembed/1.0/embed04c4.json]
[napabuds.com/wp-json/oembed/1.0/embeddae6]
[napabuds.com/wp-content/uploads/2024/02/KAMIKAZI-PURPLE-PUNK-1.JPG-3837-2.jpg]
[napabuds.com/wp-content/uploads/2024/02/KAMIKAZI-PURPLE-PUNK-1.JPG-3837-2-600x600.jpg]
[napabuds.com/product/purple-punch/index.html]
[napabuds.com/product/sunset-sherbet-strain/feed/index.html]
[napabuds.com/wp-json/wp/v2/product/1367.json]
[napabuds.com/wp-json/oembed/1.0/embedfc61.json]
[napabuds.com/wp-json/oembed/1.0/embed72d5]
[napabuds.com/wp-content/uploads/2024/02/marijuana-bud-general.webp]
[napabuds.com/wp-content/uploads/2024/02/marijuana-bud-general-600x600.webp]
[napabuds.com/product/sunset-sherbet-strain/index.html]
[napabuds.com/indexcfab.html]
[napabuds.com/index9625.html]
[napabuds.com/index6fe6.html]
[napabuds.com/index6d70.html]
[napabuds.com/product/ftp-runtz/feed/index.html]
[napabuds.com/wp-json/wp/v2/product/1756.json]
[napabuds.com/wp-json/oembed/1.0/embedc46e.json]
[napabuds.com/wp-json/oembed/1.0/embede6fb]
[napabuds.com/wp-content/uploads/2024/10/trop-skittles-2.webp]
[napabuds.com/wp-content/uploads/2024/10/trop-skittles-2-600x600.webp]
[napabuds.com/product/ftp-runtz/index.html]
[napabuds.com/product/gas-face/feed/index.html]
[napabuds.com/wp-json/wp/v2/product/1797.json]
[napabuds.com/wp-json/oembed/1.0/embed44e9.json]
[napabuds.com/wp-json/oembed/1.0/embed937d]
[napabuds.com/wp-content/uploads/2024/10/Gas-Face-7.jpg]
[napabuds.com/wp-content/uploads/2024/10/Gas-Face-7-600x600.jpg]
[napabuds.com/product/gas-face/index.html]
[napabuds.com/product/gushers-strain/feed/index.html]
[napabuds.com/wp-json/wp/v2/product/1812.json]
[napabuds.com/wp-json/oembed/1.0/embed2a42.json]
[napabuds.com/wp-json/oembed/1.0/embeda1a1]
[napabuds.com/wp-content/uploads/2024/10/Gushers-strain-e1650534032704.jpg]
[napabuds.com/wp-content/uploads/2024/10/Gushers-strain-e1650534032704-600x600.jpg]
[napabuds.com/product/gushers-strain/index.html]
[napabuds.com/shop/page/3/indexdddb.html]
[napabuds.com/product/ice-caps/feed/index.html]
[napabuds.com/wp-json/wp/v2/product/1733.json]
[napabuds.com/wp-json/oembed/1.0/embeddfa3.json]
[napabuds.com/wp-json/oembed/1.0/embed83b6]
[napabuds.com/wp-content/uploads/2024/08/ice-moonrock-cbd-1.webp]
[napabuds.com/wp-content/uploads/2024/08/ice-moonrock-cbd-1-600x600.webp]
[napabuds.com/product/ice-caps/index.html]
[napabuds.com/product/krypto-chronic/feed/index.html]
[napabuds.com/wp-json/wp/v2/product/1632.json]
[napabuds.com/wp-json/oembed/1.0/embed70bf.json]
[napabuds.com/wp-json/oembed/1.0/embedeb1c]
[napabuds.com/wp-content/uploads/2024/02/kryptochronic-alien-labs-2.jpg]
[napabuds.com/wp-content/uploads/2024/02/kryptochronic-alien-labs-2-600x600.jpg]
[napabuds.com/product/krypto-chronic/index.html]
[napabuds.com/product/kush-mints/feed/index.html]
[napabuds.com/wp-json/wp/v2/product/1399.json]
[napabuds.com/wp-json/oembed/1.0/embedc98f.json]
[napabuds.com/wp-json/oembed/1.0/embed40b1]
[napabuds.com/wp-content/uploads/2024/02/Kush-Mints.webp]
[napabuds.com/wp-content/uploads/2024/02/Kush-Mints-600x899.webp]
[napabuds.com/product/kush-mints/index.html]
[napabuds.com/product/lemon-cherry-gelato/feed/index.html]
[napabuds.com/wp-json/wp/v2/product/1383.json]
[napabuds.com/wp-json/oembed/1.0/embed672b.json]
[napabuds.com/wp-json/oembed/1.0/embed46f7]
[napabuds.com/wp-content/uploads/2024/02/Lemon-Cherry-Gelato-1.webp]
[napabuds.com/wp-content/uploads/2024/02/Lemon-Cherry-Gelato-1-600x899.webp]
[napabuds.com/product/lemon-cherry-gelato/index.html]
[napabuds.com/product/lemon-cherry-gelato-2/feed/index.html]
[napabuds.com/wp-json/wp/v2/product/1766.json]
[napabuds.com/wp-json/oembed/1.0/embedf3a7.json]
[napabuds.com/wp-json/oembed/1.0/embed4d90]
[napabuds.com/wp-content/uploads/2024/10/Lemon_Cherry_Gelato_-_1_1_2__93865.jpg]
[napabuds.com/wp-content/uploads/2024/10/Lemon_Cherry_Gelato_-_1_1_2__93865-600x750.jpg]
[napabuds.com/product/lemon-cherry-gelato-2/index.html]
[napabuds.com/shop/page/4/indexb611.html]
[napabuds.com/wp-json/wp/v2/product/1795.json]
[napabuds.com/product/magic-marker/feed/index.html]
[napabuds.com/wp-json/oembed/1.0/embedd6e7.json]
[napabuds.com/wp-json/oembed/1.0/embed3a89]
[napabuds.com/wp-content/uploads/2024/10/PermanentMarker-Website-e1704491493259.png]
[napabuds.com/product/magic-marker/index.html]
[napabuds.com/shop/page/4/indexc6e1.html]
[napabuds.com/product/medellin/feed/index.html]
[napabuds.com/wp-json/wp/v2/product/1507.json]
[napabuds.com/wp-json/oembed/1.0/embed325c.json]
[napabuds.com/wp-json/oembed/1.0/embed314a]
[napabuds.com/wp-content/uploads/2024/02/Medellin.jpg]
[napabuds.com/wp-content/uploads/2024/02/Medellin-600x600.jpg]
[napabuds.com/product/medellin/index.html]
[napabuds.com/product/n64-froostiez/feed/index.html]
[napabuds.com/wp-json/wp/v2/product/1643.json]
[napabuds.com/wp-json/oembed/1.0/embed7d8c.json]
[napabuds.com/wp-json/oembed/1.0/embedaeb9]
[napabuds.com/wp-content/uploads/2024/02/N64-Froostiez-scaled.jpg]
[napabuds.com/wp-content/uploads/2024/02/N64-Froostiez-600x800.jpg]
[napabuds.com/product/n64-froostiez/index.html]
[napabuds.com/wp-json/wp/v2/product/1792.json]
[napabuds.com/product/permanent-marker-x-bx1-fem-new-new/feed/index.html]
[napabuds.com/wp-json/oembed/1.0/embed17ab.json]
[napabuds.com/wp-json/oembed/1.0/embedd796]
[napabuds.com/wp-content/uploads/2024/10/permanent-marker-plant.webp]
[napabuds.com/product/permanent-marker-x-bx1-fem-new-new/index.html]
[napabuds.com/shop/page/4/index1614.html]
[napabuds.com/wp-content/uploads/2024/10/permanent-marker-plant-600x600.webp]
[napabuds.com/product/purple-nerdz/feed/index.html]
[napabuds.com/wp-json/wp/v2/product/1807.json]
[napabuds.com/wp-json/oembed/1.0/embedeadc.json]
[napabuds.com/wp-json/oembed/1.0/embed93e6]
[napabuds.com/wp-content/uploads/2024/10/image1-768x512-1.png]
[napabuds.com/wp-content/uploads/2024/10/image1-768x512-1-600x400.png]
[napabuds.com/product/purple-nerdz/index.html]
[napabuds.com/shop/page/5/indexb629.html]
[napabuds.com/wp-json/wp/v2/product/1761.json]
[napabuds.com/product/trump-runtz/feed/index.html]
[napabuds.com/wp-json/oembed/1.0/embed2f7d.json]
[napabuds.com/wp-json/oembed/1.0/embed58d6]
[napabuds.com/wp-content/uploads/2024/10/trump-runtz-mylar-pouches-pre-labeled-347425_1200x1200.webp]
[napabuds.com/wp-content/uploads/2024/10/trump-runtz-mylar-pouches-pre-labeled-347425_1200x1200-600x600.webp]
[napabuds.com/product/trump-runtz/index.html]
[napabuds.com/product/war-headz/feed/index.html]
[napabuds.com/wp-json/wp/v2/product/1824.json]
[napabuds.com/wp-json/oembed/1.0/embedf4a6.json]
[napabuds.com/wp-json/oembed/1.0/embed7520]
[napabuds.com/wp-content/uploads/2024/10/Warheads.webp]
[napabuds.com/wp-content/uploads/2024/10/Warheads-600x899.webp]
[napabuds.com/product/war-headz/index.html]
[napabuds.com/product/white-rhino/feed/index.html]
[napabuds.com/wp-json/wp/v2/product/1670.json]
[napabuds.com/wp-json/oembed/1.0/embed9598.json]
[napabuds.com/wp-json/oembed/1.0/embedbf9b]
[napabuds.com/wp-content/uploads/2024/03/white-rhino.webp]
[napabuds.com/wp-content/uploads/2024/03/white-rhino-600x664.webp]
[napabuds.com/product/white-rhino/index.html]
[napabuds.com/product/zoap/feed/index.html]
[napabuds.com/wp-json/wp/v2/product/1802.json]
[napabuds.com/wp-json/oembed/1.0/embedec09.json]
[napabuds.com/wp-json/oembed/1.0/embed358b]
[napabuds.com/wp-content/uploads/2024/10/zoap.png]
[napabuds.com/wp-content/uploads/2024/10/zoap-600x600.png]
[napabuds.com/product/zoap/index.html]
[napabuds.com/wp-content/plugins/woocommerce/assets/css/photoswipe/default-skin/default-skin.svg]
[napabuds.com/index461c.html]
[napabuds.com/index48d3.html]
[napabuds.com/indexe129.html]
[napabuds.com/index5262.html]
[napabuds.com/index0984.html]
[napabuds.com/index29f2.html]
[napabuds.com/index8e8b.html]
[napabuds.com/index7d05.html]
[napabuds.com/index39ac.html]
[napabuds.com/indexa63d.html]
[napabuds.com/index91ff.html]
[napabuds.com/index799a.html]
[napabuds.com/index6c4e.html]
[napabuds.com/product/sugar-plum/indexb611.html]
[napabuds.com/index8b41.html]
[napabuds.com/index5d84.html]
[napabuds.com/index73f1.html]
[napabuds.com/indexcff5.html]
[napabuds.com/index74a1.html]
[napabuds.com/index7a2c.html]
[napabuds.com/indexe10c.html]
[napabuds.com/indexc0e8.html]
[napabuds.com/indexd010.html]
[napabuds.com/index652b.html]
[napabuds.com/index4626.html]
[napabuds.com/index9a45.html]
[napabuds.com/indexb833.html]
[napabuds.com/product-category/hybrid/page/1/index.html]
[napabuds.com/product-category/hybrid/page/3/indexdddb.html]
[napabuds.com/product-category/hybrid/page/3/indexc6e1.html]
[napabuds.com/product-category/hybrid/page/4/index1614.html]
[napabuds.com/product-category/hybrid/page/4/indexb629.html]
[napabuds.com/index652f.html]
[napabuds.com/indexade3.html]
[napabuds.com/product/super-silver-haze/indexb611.html]
[napabuds.com/indexf0e8.html]
[napabuds.com/index0228.html]
[napabuds.com/index17bd.html]
[napabuds.com/index3dd6.html]
[napabuds.com/indexa6f0.html]
[napabuds.com/indexf94f.html]
[napabuds.com/index1633.html]
[napabuds.com/index80a9.html]
[napabuds.com/index59cd.html]
[napabuds.com/indexf770.html]
[napabuds.com/index2515.html]
[napabuds.com/index39a7.html]
[napabuds.com/indexa94b.html]
[napabuds.com/index1406.html]
[napabuds.com/index0cf1.html]
[napabuds.com/index7020.html]
[napabuds.com/index952b.html]
[napabuds.com/indexfb54.html]
[napabuds.com/indexe467.html]
